<?xml version="1.0" encoding="UTF-8"?>
<!-- Generated by org.testng.reporters.JUnitReportReporter -->
<testsuite skipped="0" hostname="P5-GL3CH92" name="selenium1pack.BookTicketTest" tests="2" failures="0" timestamp="25 Jun 2018 12:26:09 GMT" time="19.665" errors="0">
  <testcase name="login" time="9.115" classname="selenium1pack.BookTicketTest"/>
  <testcase name="findFlight" time="10.550" classname="selenium1pack.BookTicketTest"/>
</testsuite> <!-- selenium1pack.BookTicketTest -->
