<?xml version="1.0" encoding="UTF-8"?>
<!-- Generated by org.testng.reporters.JUnitReportReporter -->
<testsuite skipped="0" hostname="P5-GL3CH92" name="selenium1pack.BookTicketTest" tests="1" failures="0" timestamp="25 Jun 2018 10:49:45 GMT" time="20.823" errors="0">
  <testcase name="login" time="20.823" classname="selenium1pack.BookTicketTest"/>
</testsuite> <!-- selenium1pack.BookTicketTest -->
